==891838== Memcheck, a memory error detector
==891838== Copyright (C) 2002-2017, and GNU GPL'd, by Julian Seward et al.
==891838== Using Valgrind-3.15.0-608cb11914-20190413 and LibVEX; rerun with -h for copyright info
==891838== Command: ./s-talk 6000 localhost 8000
==891838== Parent PID: 891812
==891838== 
--891838-- 
--891838-- Valgrind options:
--891838--    --leak-check=full
--891838--    --show-leak-kinds=all
--891838--    -v
--891838--    --track-origins=yes
--891838--    --log-file=vg_logfile1.out
--891838-- Contents of /proc/version:
--891838--   Linux version 5.8.0-55-generic (buildd@lgw01-amd64-050) (gcc (Ubuntu 9.3.0-17ubuntu1~20.04) 9.3.0, GNU ld (GNU Binutils for Ubuntu) 2.34) #62~20.04.1-Ubuntu SMP Wed Jun 2 08:55:04 UTC 2021
--891838-- 
--891838-- Arch and hwcaps: AMD64, LittleEndian, amd64-cx16-lzcnt-rdtscp-sse3-ssse3-avx-avx2-bmi-f16c-rdrand
--891838-- Page sizes: currently 4096, max supported 4096
--891838-- Valgrind library directory: /usr/lib/x86_64-linux-gnu/valgrind
--891838-- Reading syms from /home/dewren99/Desktop/cmpt300-a2/s-talk
--891838-- Reading syms from /usr/lib/x86_64-linux-gnu/ld-2.31.so
--891838--   Considering /usr/lib/x86_64-linux-gnu/ld-2.31.so ..
--891838--   .. CRC mismatch (computed 975d0390 wanted 30bd717f)
--891838--   Considering /lib/x86_64-linux-gnu/ld-2.31.so ..
--891838--   .. CRC mismatch (computed 975d0390 wanted 30bd717f)
--891838--   Considering /usr/lib/debug/lib/x86_64-linux-gnu/ld-2.31.so ..
--891838--   .. CRC is valid
--891838-- Reading syms from /usr/lib/x86_64-linux-gnu/valgrind/memcheck-amd64-linux
--891838--    object doesn't have a symbol table
--891838--    object doesn't have a dynamic symbol table
--891838-- Scheduler: using generic scheduler lock implementation.
--891838-- Reading suppressions file: /usr/lib/x86_64-linux-gnu/valgrind/default.supp
==891838== embedded gdbserver: reading from /tmp/vgdb-pipe-from-vgdb-to-891838-by-dewren99-on-???
==891838== embedded gdbserver: writing to   /tmp/vgdb-pipe-to-vgdb-from-891838-by-dewren99-on-???
==891838== embedded gdbserver: shared mem   /tmp/vgdb-pipe-shared-mem-vgdb-891838-by-dewren99-on-???
==891838== 
==891838== TO CONTROL THIS PROCESS USING vgdb (which you probably
==891838== don't want to do, unless you know exactly what you're doing,
==891838== or are doing some strange experiment):
==891838==   /usr/lib/x86_64-linux-gnu/valgrind/../../bin/vgdb --pid=891838 ...command...
==891838== 
==891838== TO DEBUG THIS PROCESS USING GDB: start GDB like this
==891838==   /path/to/gdb ./s-talk
==891838== and then give GDB the following command
==891838==   target remote | /usr/lib/x86_64-linux-gnu/valgrind/../../bin/vgdb --pid=891838
==891838== --pid is optional if only one valgrind process is running
==891838== 
--891838-- REDIR: 0x4022e10 (ld-linux-x86-64.so.2:strlen) redirected to 0x580c9ce2 (???)
--891838-- REDIR: 0x4022be0 (ld-linux-x86-64.so.2:index) redirected to 0x580c9cfc (???)
--891838-- Reading syms from /usr/lib/x86_64-linux-gnu/valgrind/vgpreload_core-amd64-linux.so
--891838--    object doesn't have a symbol table
--891838-- Reading syms from /usr/lib/x86_64-linux-gnu/valgrind/vgpreload_memcheck-amd64-linux.so
--891838--    object doesn't have a symbol table
==891838== WARNING: new redirection conflicts with existing -- ignoring it
--891838--     old: 0x04022e10 (strlen              ) R-> (0000.0) 0x580c9ce2 ???
--891838--     new: 0x04022e10 (strlen              ) R-> (2007.0) 0x0483f060 strlen
--891838-- REDIR: 0x401f5f0 (ld-linux-x86-64.so.2:strcmp) redirected to 0x483ffd0 (strcmp)
--891838-- REDIR: 0x4023370 (ld-linux-x86-64.so.2:mempcpy) redirected to 0x4843a20 (mempcpy)
--891838-- Reading syms from /usr/lib/x86_64-linux-gnu/libpthread-2.31.so
--891838--   Considering /usr/lib/debug/.build-id/e5/4761f7b554d0fcc1562959665d93dffbebdaf0.debug ..
--891838--   .. build-id is valid
--891838-- Reading syms from /usr/lib/x86_64-linux-gnu/libc-2.31.so
--891838--   Considering /usr/lib/x86_64-linux-gnu/libc-2.31.so ..
--891838--   .. CRC mismatch (computed 86b78530 wanted e380f01c)
--891838--   Considering /lib/x86_64-linux-gnu/libc-2.31.so ..
--891838--   .. CRC mismatch (computed 86b78530 wanted e380f01c)
--891838--   Considering /usr/lib/debug/lib/x86_64-linux-gnu/libc-2.31.so ..
--891838--   .. CRC is valid
--891838-- REDIR: 0x4921600 (libc.so.6:memmove) redirected to 0x48311d0 (_vgnU_ifunc_wrapper)
--891838-- REDIR: 0x4920900 (libc.so.6:strncpy) redirected to 0x48311d0 (_vgnU_ifunc_wrapper)
--891838-- REDIR: 0x4921930 (libc.so.6:strcasecmp) redirected to 0x48311d0 (_vgnU_ifunc_wrapper)
--891838-- REDIR: 0x4920220 (libc.so.6:strcat) redirected to 0x48311d0 (_vgnU_ifunc_wrapper)
--891838-- REDIR: 0x4920960 (libc.so.6:rindex) redirected to 0x48311d0 (_vgnU_ifunc_wrapper)
--891838-- REDIR: 0x4922dd0 (libc.so.6:rawmemchr) redirected to 0x48311d0 (_vgnU_ifunc_wrapper)
--891838-- REDIR: 0x493de60 (libc.so.6:wmemchr) redirected to 0x48311d0 (_vgnU_ifunc_wrapper)
--891838-- REDIR: 0x493d9a0 (libc.so.6:wcscmp) redirected to 0x48311d0 (_vgnU_ifunc_wrapper)
--891838-- REDIR: 0x4921760 (libc.so.6:mempcpy) redirected to 0x48311d0 (_vgnU_ifunc_wrapper)
--891838-- REDIR: 0x4921590 (libc.so.6:bcmp) redirected to 0x48311d0 (_vgnU_ifunc_wrapper)
--891838-- REDIR: 0x4920890 (libc.so.6:strncmp) redirected to 0x48311d0 (_vgnU_ifunc_wrapper)
--891838-- REDIR: 0x49202d0 (libc.so.6:strcmp) redirected to 0x48311d0 (_vgnU_ifunc_wrapper)
--891838-- REDIR: 0x49216c0 (libc.so.6:memset) redirected to 0x48311d0 (_vgnU_ifunc_wrapper)
--891838-- REDIR: 0x493d960 (libc.so.6:wcschr) redirected to 0x48311d0 (_vgnU_ifunc_wrapper)
--891838-- REDIR: 0x49207f0 (libc.so.6:strnlen) redirected to 0x48311d0 (_vgnU_ifunc_wrapper)
--891838-- REDIR: 0x49203b0 (libc.so.6:strcspn) redirected to 0x48311d0 (_vgnU_ifunc_wrapper)
--891838-- REDIR: 0x4921980 (libc.so.6:strncasecmp) redirected to 0x48311d0 (_vgnU_ifunc_wrapper)
--891838-- REDIR: 0x4920350 (libc.so.6:strcpy) redirected to 0x48311d0 (_vgnU_ifunc_wrapper)
--891838-- REDIR: 0x4921ad0 (libc.so.6:memcpy@@GLIBC_2.14) redirected to 0x48311d0 (_vgnU_ifunc_wrapper)
--891838-- REDIR: 0x493f0d0 (libc.so.6:wcsnlen) redirected to 0x48311d0 (_vgnU_ifunc_wrapper)
--891838-- REDIR: 0x493d9e0 (libc.so.6:wcscpy) redirected to 0x48311d0 (_vgnU_ifunc_wrapper)
--891838-- REDIR: 0x49209a0 (libc.so.6:strpbrk) redirected to 0x48311d0 (_vgnU_ifunc_wrapper)
--891838-- REDIR: 0x4920280 (libc.so.6:index) redirected to 0x48311d0 (_vgnU_ifunc_wrapper)
--891838-- REDIR: 0x49207b0 (libc.so.6:strlen) redirected to 0x48311d0 (_vgnU_ifunc_wrapper)
--891838-- REDIR: 0x4929d20 (libc.so.6:memrchr) redirected to 0x48311d0 (_vgnU_ifunc_wrapper)
--891838-- REDIR: 0x49219d0 (libc.so.6:strcasecmp_l) redirected to 0x48311d0 (_vgnU_ifunc_wrapper)
--891838-- REDIR: 0x4921550 (libc.so.6:memchr) redirected to 0x48311d0 (_vgnU_ifunc_wrapper)
--891838-- REDIR: 0x493dab0 (libc.so.6:wcslen) redirected to 0x48311d0 (_vgnU_ifunc_wrapper)
--891838-- REDIR: 0x4920c60 (libc.so.6:strspn) redirected to 0x48311d0 (_vgnU_ifunc_wrapper)
--891838-- REDIR: 0x49218d0 (libc.so.6:stpncpy) redirected to 0x48311d0 (_vgnU_ifunc_wrapper)
--891838-- REDIR: 0x4921870 (libc.so.6:stpcpy) redirected to 0x48311d0 (_vgnU_ifunc_wrapper)
--891838-- REDIR: 0x4922e10 (libc.so.6:strchrnul) redirected to 0x48311d0 (_vgnU_ifunc_wrapper)
--891838-- REDIR: 0x4921a20 (libc.so.6:strncasecmp_l) redirected to 0x48311d0 (_vgnU_ifunc_wrapper)
--891838-- REDIR: 0x4a09490 (libc.so.6:__strrchr_avx2) redirected to 0x483ea10 (rindex)
--891838-- REDIR: 0x4a0aba0 (libc.so.6:__strcpy_avx2) redirected to 0x483f090 (strcpy)
--891838-- REDIR: 0x491b260 (libc.so.6:malloc) redirected to 0x483b780 (malloc)
--891838-- REDIR: 0x491cc90 (libc.so.6:calloc) redirected to 0x483dce0 (calloc)
--891838-- REDIR: 0x4a09660 (libc.so.6:__strlen_avx2) redirected to 0x483ef40 (strlen)
--891838-- REDIR: 0x4921120 (libc.so.6:__GI_strstr) redirected to 0x4843ca0 (__strstr_sse2)
--891838-- REDIR: 0x4a054c0 (libc.so.6:__memchr_avx2) redirected to 0x4840050 (memchr)
--891838-- REDIR: 0x4a0c670 (libc.so.6:__memcpy_avx_unaligned_erms) redirected to 0x48429f0 (memmove)
--891838-- REDIR: 0x4a092a0 (libc.so.6:__strchrnul_avx2) redirected to 0x4843540 (strchrnul)
--891838-- REDIR: 0x4a076b0 (libc.so.6:__strncasecmp_avx) redirected to 0x483f910 (strncasecmp)
--891838-- REDIR: 0x491b850 (libc.so.6:free) redirected to 0x483c9d0 (free)
--891838-- REDIR: 0x4a04fa0 (libc.so.6:__strncmp_avx2) redirected to 0x483f670 (strncmp)
--891838-- REDIR: 0x4a048f0 (libc.so.6:__strpbrk_sse42) redirected to 0x4843da0 (strpbrk)
--891838-- REDIR: 0x4a09070 (libc.so.6:__strchr_avx2) redirected to 0x483ebf0 (index)
--891838-- REDIR: 0x4a04b60 (libc.so.6:__strcmp_avx2) redirected to 0x483fed0 (strcmp)
--891838-- REDIR: 0x4a0c650 (libc.so.6:__mempcpy_avx_unaligned_erms) redirected to 0x4843660 (mempcpy)
--891838-- REDIR: 0x4a0b890 (libc.so.6:__stpcpy_avx2) redirected to 0x4842300 (stpcpy)
--891838-- Reading syms from /usr/lib/x86_64-linux-gnu/libnss_files-2.31.so
--891838--   Considering /usr/lib/x86_64-linux-gnu/libnss_files-2.31.so ..
--891838--   .. CRC mismatch (computed f3c36153 wanted e97e46bb)
--891838--   Considering /lib/x86_64-linux-gnu/libnss_files-2.31.so ..
--891838--   .. CRC mismatch (computed f3c36153 wanted e97e46bb)
--891838--   Considering /usr/lib/debug/lib/x86_64-linux-gnu/libnss_files-2.31.so ..
--891838--   .. CRC is valid
--891838-- REDIR: 0x4a06030 (libc.so.6:__strcasecmp_avx) redirected to 0x483f830 (strcasecmp)
--891838-- REDIR: 0x4a0caf0 (libc.so.6:__memset_avx2_unaligned_erms) redirected to 0x48428e0 (memset)
--891838-- Discarding syms at 0x4e765c0-0x4e7ca1c in /usr/lib/x86_64-linux-gnu/libnss_files-2.31.so (have_dinfo 1)
==891838== 
==891838== HEAP SUMMARY:
==891838==     in use at exit: 2,228 bytes in 6 blocks
==891838==   total heap usage: 1,783 allocs, 1,777 frees, 1,788,170 bytes allocated
==891838== 
==891838== Searching for pointers to 6 not-freed blocks
==891838== Checked 33,671,824 bytes
==891838== 
==891838== 116 bytes in 1 blocks are definitely lost in loss record 1 of 6
==891838==    at 0x483B7F3: malloc (in /usr/lib/x86_64-linux-gnu/valgrind/vgpreload_memcheck-amd64-linux.so)
==891838==    by 0x49200D4: __libc_alloc_buffer_allocate (alloc_buffer_allocate.c:26)
==891838==    by 0x49C35A8: alloc_buffer_allocate (alloc_buffer.h:143)
==891838==    by 0x49C35A8: __resolv_conf_allocate (resolv_conf.c:411)
==891838==    by 0x49C0EB1: __resolv_conf_load (res_init.c:592)
==891838==    by 0x49C31B2: __resolv_conf_get_current (resolv_conf.c:163)
==891838==    by 0x49C1464: __res_vinit (res_init.c:614)
==891838==    by 0x49C254F: maybe_init (resolv_context.c:122)
==891838==    by 0x49C254F: context_get (resolv_context.c:184)
==891838==    by 0x49C254F: context_get (resolv_context.c:176)
==891838==    by 0x49C254F: __resolv_context_get (resolv_context.c:195)
==891838==    by 0x49B16CF: gethostbyname (getXXbyYY.c:105)
==891838==    by 0x109493: main (main.c:65)
==891838== 
==891838== 272 bytes in 1 blocks are possibly lost in loss record 2 of 6
==891838==    at 0x483DD99: calloc (in /usr/lib/x86_64-linux-gnu/valgrind/vgpreload_memcheck-amd64-linux.so)
==891838==    by 0x40149CA: allocate_dtv (dl-tls.c:286)
==891838==    by 0x40149CA: _dl_allocate_tls (dl-tls.c:532)
==891838==    by 0x4865322: allocate_stack (allocatestack.c:622)
==891838==    by 0x4865322: pthread_create@@GLIBC_2.2.5 (pthread_create.c:660)
==891838==    by 0x109685: main (main.c:107)
==891838== 
==891838== 272 bytes in 1 blocks are possibly lost in loss record 3 of 6
==891838==    at 0x483DD99: calloc (in /usr/lib/x86_64-linux-gnu/valgrind/vgpreload_memcheck-amd64-linux.so)
==891838==    by 0x40149CA: allocate_dtv (dl-tls.c:286)
==891838==    by 0x40149CA: _dl_allocate_tls (dl-tls.c:532)
==891838==    by 0x4865322: allocate_stack (allocatestack.c:622)
==891838==    by 0x4865322: pthread_create@@GLIBC_2.2.5 (pthread_create.c:660)
==891838==    by 0x1096AA: main (main.c:108)
==891838== 
==891838== 272 bytes in 1 blocks are possibly lost in loss record 4 of 6
==891838==    at 0x483DD99: calloc (in /usr/lib/x86_64-linux-gnu/valgrind/vgpreload_memcheck-amd64-linux.so)
==891838==    by 0x40149CA: allocate_dtv (dl-tls.c:286)
==891838==    by 0x40149CA: _dl_allocate_tls (dl-tls.c:532)
==891838==    by 0x4865322: allocate_stack (allocatestack.c:622)
==891838==    by 0x4865322: pthread_create@@GLIBC_2.2.5 (pthread_create.c:660)
==891838==    by 0x1096CF: main (main.c:109)
==891838== 
==891838== 272 bytes in 1 blocks are possibly lost in loss record 5 of 6
==891838==    at 0x483DD99: calloc (in /usr/lib/x86_64-linux-gnu/valgrind/vgpreload_memcheck-amd64-linux.so)
==891838==    by 0x40149CA: allocate_dtv (dl-tls.c:286)
==891838==    by 0x40149CA: _dl_allocate_tls (dl-tls.c:532)
==891838==    by 0x4865322: allocate_stack (allocatestack.c:622)
==891838==    by 0x4865322: pthread_create@@GLIBC_2.2.5 (pthread_create.c:660)
==891838==    by 0x1096F4: main (main.c:110)
==891838== 
==891838== 1,024 bytes in 1 blocks are still reachable in loss record 6 of 6
==891838==    at 0x483DD99: calloc (in /usr/lib/x86_64-linux-gnu/valgrind/vgpreload_memcheck-amd64-linux.so)
==891838==    by 0x109838: init_server (server.c:61)
==891838==    by 0x4864608: start_thread (pthread_create.c:477)
==891838==    by 0x49A0292: clone (clone.S:95)
==891838== 
==891838== LEAK SUMMARY:
==891838==    definitely lost: 116 bytes in 1 blocks
==891838==    indirectly lost: 0 bytes in 0 blocks
==891838==      possibly lost: 1,088 bytes in 4 blocks
==891838==    still reachable: 1,024 bytes in 1 blocks
==891838==         suppressed: 0 bytes in 0 blocks
==891838== 
==891838== ERROR SUMMARY: 5 errors from 5 contexts (suppressed: 0 from 0)
